Date/Time:       2025-06-19 13:16:41 
Command line:    C:\Users\MIHIR\AppData\Local\Programs\Python\Python313\Scripts\briefcase build android

OS Release:      Windows 11
OS Version:      10.0.26100
Architecture:    AMD64
Platform:        Windows-11-10.0.26100-SP0

Python exe:      C:\Users\MIHIR\AppData\Local\Programs\Python\Python313\python.exe
Python version:  3.13.5 (tags/v3.13.5:6cb20a2, Jun 11 2025, 16:15:46) [MSC v.1943 64 bit (AMD64)]
Virtual env:     False
Conda env:       False

Briefcase:       0.3.23
Target platform: android
Target format:   gradle

Environment Variables:
	ALLUSERSPROFILE=C:\ProgramData
	APPDATA=C:\Users\MIHIR\AppData\Roaming
	COMMONPROGRAMFILES=C:\Program Files\Common Files
	COMMONPROGRAMFILES(X86)=C:\Program Files (x86)\Common Files
	COMMONPROGRAMW6432=C:\Program Files\Common Files
	COMPUTERNAME=LAPTOP-22QDL2RA
	COMSPEC=C:\WINDOWS\system32\cmd.exe
	DRIVERDATA=C:\Windows\System32\Drivers\DriverData
	EFC_9480_1262719628=1
	EFC_9480_1592913036=1
	EFC_9480_2283032206=1
	EFC_9480_2775293581=1
	EFC_9480_3789132940=1
	FIG_TERM=1
	FPS_BROWSER_APP_PROFILE_STRING=Internet Explorer
	FPS_BROWSER_USER_PROFILE_STRING=Default
	HOMEDRIVE=C:
	HOMEPATH=\Users\MIHIR
	INTELLIJ_TERMINAL_COMMAND_BLOCKS_REWORKED=1
	JETBRAINS_INTELLIJ_COMMAND_END_MARKER=ZVsMyZNurJ5MlvVytt0yAlFMyD5wrTibTW35z3q9Saj7FqnFGdhXreBQgLwGdylv
	LOCALAPPDATA=C:\Users\MIHIR\AppData\Local
	LOGONSERVER=\\LAPTOP-22QDL2RA
	NUMBER_OF_PROCESSORS=12
	ONEDRIVE=C:\Users\MIHIR\OneDrive
	OPENSSL_CONF=C:\Program Files\PostgreSQL\psqlODBC\etc\openssl.cnf
	OS=Windows_NT
	PATH=C:\Program Files (x86)\Common Files\Oracle\Java\javapath;C:\Windows\system32;C:\Windows;C:\Windows\System32\Wbem;C:\Windows\System32\WindowsPowerShell\v1.0\;C:\Windows\System32\OpenSSH\;C:\Program Files (x86)\NVIDIA Corporation\PhysX\Common;C:\Program Files\NVIDIA Corporation\NVIDIA app\NvDLISR;C:\WINDOWS\system32;C:\WINDOWS;C:\WINDOWS\System32\Wbem;C:\WINDOWS\System32\WindowsPowerShell\v1.0\;C:\WINDOWS\System32\OpenSSH\;C:\Program Files\Git\cmd;C:\Program Files\nodejs\;C:\Users\MIHIR\AppData\Local\Programs\Python\Launcher\;C:\Users\MIHIR\AppData\Local\Microsoft\WindowsApps;C:\Users\MIHIR\AppData\Roaming\npm;C:\Users\MIHIR\AppData\Local\Programs\Microsoft VS Code\bin;C:\Users\MIHIR\AppData\Local\Programs\Python\Python313\Scripts;C:\Users\MIHIR\AppData\Local\Programs\Python\Python313;
	PATHEXT=.COM;.EXE;.BAT;.CMD;.VBS;.VBE;.JS;.JSE;.WSF;.WSH;.MSC;.CPL
	PROCESSOR_ARCHITECTURE=AMD64
	PROCESSOR_IDENTIFIER=AMD64 Family 25 Model 68 Stepping 1, AuthenticAMD
	PROCESSOR_LEVEL=25
	PROCESSOR_REVISION=4401
	PROCESS_LAUNCHED_BY_CW=1
	PROCESS_LAUNCHED_BY_Q=1
	PROGRAMDATA=C:\ProgramData
	PROGRAMFILES=C:\Program Files
	PROGRAMFILES(X86)=C:\Program Files (x86)
	PROGRAMW6432=C:\Program Files
	PSEXECUTIONPOLICYPREFERENCE=Bypass
	PSMODULEPATH=C:\Users\MIHIR\Documents\WindowsPowerShell\Modules;C:\Program Files\WindowsPowerShell\Modules;C:\WINDOWS\system32\WindowsPowerShell\v1.0\Modules
	PUBLIC=C:\Users\Public
	SESSIONNAME=Console
	SYSTEMDRIVE=C:
	SYSTEMROOT=C:\WINDOWS
	TEMP=C:\Users\MIHIR\AppData\Local\Temp
	TERMINAL_EMULATOR=JetBrains-JediTerm
	TERM_SESSION_ID=6e1db3ab-2f35-45a0-a05d-b0fd79fff27c
	TMP=C:\Users\MIHIR\AppData\Local\Temp
	USERDOMAIN=LAPTOP-22QDL2RA
	USERDOMAIN_ROAMINGPROFILE=LAPTOP-22QDL2RA
	USERNAME=MIHIR
	USERPROFILE=C:\Users\MIHIR
	WINDIR=C:\WINDOWS

pyproject.toml:
[tool.briefcase]
project_name = "IronTracker"
bundle = "com.mihir.irontracker"
version = "1.0.0"
author = "Mihir Padekar"
description = "Streamlit-based fitness logging app"
license = { file = "LICENSE" }
requires = ["streamlit", "pandas", "matplotlib", "pywebview", "openpyxl"]

[tool.briefcase.app.irontracker]
formal_name = "IronTracker"
sources = ["irontracker"]
entry_point = "irontracker.run_all:main"

Briefcase Log:
[13:14:53] Using JDK at C:\Users\MIHIR\AppData\Local\BeeWare\briefcase\Cache\tools\java17                                                                                java.py:259
           Using Android SDK at C:\Users\MIHIR\AppData\Local\BeeWare\briefcase\Cache\tools\android_sdk                                                            android_sdk.py:375
                                                                                                                                                                       gradle.py:319
           [irontracker] Updating app metadata...                                                                                                                      gradle.py:319
           Setting main module... started                                                                                                                              gradle.py:301
           Setting main module... done                                                                                                                                 gradle.py:301
                                                                                                                                                                       gradle.py:322
           [irontracker] Building Android APK...                                                                                                                       gradle.py:322
           Building... started                                                                                                                                         gradle.py:323
           Android emulator is already installed.                                                                                                                 android_sdk.py:650
                                                                                                                                                                   subprocess.py:838
           >>> Running Command:                                                                                                                                    subprocess.py:838
           >>>     'C:\Users\MIHIR\PycharmProjects\fitness logger\build\irontracker\android\gradle\gradlew.bat' --console plain assembleDebug                      subprocess.py:838
           >>> Working Directory:                                                                                                                                  subprocess.py:838
           >>>     C:\Users\MIHIR\PycharmProjects\fitness logger\build\irontracker\android\gradle                                                                  subprocess.py:838
           >>> Environment Overrides:                                                                                                                              subprocess.py:838
           >>>     ANDROID_HOME=C:\Users\MIHIR\AppData\Local\BeeWare\briefcase\Cache\tools\android_sdk                                                             subprocess.py:838
           >>>     ANDROID_SDK_ROOT=C:\Users\MIHIR\AppData\Local\BeeWare\briefcase\Cache\tools\android_sdk                                                         subprocess.py:838
           >>>     JAVA_HOME=C:\Users\MIHIR\AppData\Local\BeeWare\briefcase\Cache\tools\java17                                                                     subprocess.py:838
[13:14:57] > Task :app:preBuild UP-TO-DATE                                                                                                                         subprocess.py:195
           > Task :app:preDebugBuild UP-TO-DATE                                                                                                                    subprocess.py:195
           > Task :app:mergeDebugNativeDebugMetadata NO-SOURCE                                                                                                     subprocess.py:195
           > Task :app:extractDebugPythonBuildPackages UP-TO-DATE                                                                                                  subprocess.py:195
[13:14:59]                                                                                                                                                         subprocess.py:195
           > Task :app:generateDebugPythonRequirements                                                                                                             subprocess.py:195
           Chaquopy: Installing for arm64-v8a                                                                                                                      subprocess.py:195
           Looking in indexes: https://pypi.org/simple, https://chaquo.com/pypi-13.1                                                                               subprocess.py:195
           Collecting streamlit                                                                                                                                    subprocess.py:195
             Using cached streamlit-1.46.0-py3-none-any.whl (10.1 MB)                                                                                              subprocess.py:195
[13:15:00] Collecting pandas                                                                                                                                       subprocess.py:195
[13:15:01]   Using cached https://chaquo.com/pypi-13.1/pandas/pandas-2.1.3-1-cp313-cp313-android_24_arm64_v8a.whl (11.3 MB)                                        subprocess.py:195
[13:15:02] Collecting matplotlib                                                                                                                                   subprocess.py:195
             Using cached https://chaquo.com/pypi-13.1/matplotlib/matplotlib-3.8.4-0-cp313-cp313-android_24_arm64_v8a.whl (7.5 MB)                                 subprocess.py:195
[13:15:03] Collecting pywebview                                                                                                                                    subprocess.py:195
             Using cached pywebview-5.4-py3-none-any.whl (475 kB)                                                                                                  subprocess.py:195
           Collecting openpyxl                                                                                                                                     subprocess.py:195
             Using cached openpyxl-3.1.5-py2.py3-none-any.whl (250 kB)                                                                                             subprocess.py:195
[13:15:04] Collecting packaging<26,>=20                                                                                                                            subprocess.py:195
             Using cached packaging-25.0-py3-none-any.whl (66 kB)                                                                                                  subprocess.py:195
[13:15:05] Collecting pillow<12,>=7.1.0                                                                                                                            subprocess.py:195
             Using cached https://chaquo.com/pypi-13.1/pillow/pillow-11.0.0-0-cp313-cp313-android_24_arm64_v8a.whl (582 kB)                                        subprocess.py:195
           Collecting typing-extensions<5,>=4.4.0                                                                                                                  subprocess.py:195
             Using cached typing_extensions-4.14.0-py3-none-any.whl (43 kB)                                                                                        subprocess.py:195
[13:15:06] Collecting pyarrow>=7.0                                                                                                                                 subprocess.py:195
             Using cached pyarrow-20.0.0.tar.gz (1.1 MB)                                                                                                           subprocess.py:195
             Installing build dependencies: started                                                                                                                subprocess.py:195
[13:15:34]   Installing build dependencies: finished with status 'done'                                                                                            subprocess.py:195
             Getting requirements to build wheel: started                                                                                                          subprocess.py:195
             Getting requirements to build wheel: finished with status 'done'                                                                                      subprocess.py:195
               Preparing wheel metadata: started                                                                                                                   subprocess.py:195
[13:15:35]     Preparing wheel metadata: finished with status 'done'                                                                                               subprocess.py:195
[13:15:36] Collecting blinker<2,>=1.5.0                                                                                                                            subprocess.py:195
             Using cached blinker-1.9.0-py3-none-any.whl (8.5 kB)                                                                                                  subprocess.py:195
           Collecting click<9,>=7.0                                                                                                                                subprocess.py:195
             Using cached click-8.2.1-py3-none-any.whl (102 kB)                                                                                                    subprocess.py:195
           Collecting tenacity<10,>=8.1.0                                                                                                                          subprocess.py:195
             Using cached tenacity-9.1.2-py3-none-any.whl (28 kB)                                                                                                  subprocess.py:195
[13:15:37] Collecting toml<2,>=0.10.1                                                                                                                              subprocess.py:195
             Using cached toml-0.10.2-py2.py3-none-any.whl (16 kB)                                                                                                 subprocess.py:195
           Collecting watchdog<7,>=2.1.5; platform_system != "Darwin"                                                                                              subprocess.py:195
             Using cached watchdog-6.0.0.tar.gz (131 kB)                                                                                                           subprocess.py:195
             Installing build dependencies: started                                                                                                                subprocess.py:195
[13:15:45]   Installing build dependencies: finished with status 'done'                                                                                            subprocess.py:195
             Getting requirements to build wheel: started                                                                                                          subprocess.py:195
[13:15:46]   Getting requirements to build wheel: finished with status 'done'                                                                                      subprocess.py:195
               Preparing wheel metadata: started                                                                                                                   subprocess.py:195
               Preparing wheel metadata: finished with status 'done'                                                                                               subprocess.py:195
[13:15:47] Collecting cachetools<7,>=4.0                                                                                                                           subprocess.py:195
             Using cached cachetools-6.1.0-py3-none-any.whl (11 kB)                                                                                                subprocess.py:195
[13:15:48] Collecting numpy<3,>=1.23                                                                                                                               subprocess.py:195
             Using cached https://chaquo.com/pypi-13.1/numpy/numpy-1.26.2-0-cp313-cp313-android_24_arm64_v8a.whl (5.1 MB)                                          subprocess.py:195
[13:15:49] Collecting tornado!=6.5.0,<7,>=6.0.3                                                                                                                    subprocess.py:195
             Using cached tornado-6.5.1.tar.gz (509 kB)                                                                                                            subprocess.py:195
             Installing build dependencies: started                                                                                                                subprocess.py:195
[13:15:57]   Installing build dependencies: finished with status 'done'                                                                                            subprocess.py:195
             Getting requirements to build wheel: started                                                                                                          subprocess.py:195
[13:15:58]   Getting requirements to build wheel: finished with status 'done'                                                                                      subprocess.py:195
               Preparing wheel metadata: started                                                                                                                   subprocess.py:195
               Preparing wheel metadata: finished with status 'done'                                                                                               subprocess.py:195
[13:15:59] Collecting pydeck<1,>=0.8.0b4                                                                                                                           subprocess.py:195
             Using cached pydeck-0.9.1-py2.py3-none-any.whl (6.9 MB)                                                                                               subprocess.py:195
           Collecting altair<6,>=4.0                                                                                                                               subprocess.py:195
             Using cached altair-5.5.0-py3-none-any.whl (731 kB)                                                                                                   subprocess.py:195
[13:16:00] Collecting requests<3,>=2.27                                                                                                                            subprocess.py:195
             Using cached requests-2.32.4-py3-none-any.whl (64 kB)                                                                                                 subprocess.py:195
           Collecting gitpython!=3.1.19,<4,>=3.0.7                                                                                                                 subprocess.py:195
             Using cached GitPython-3.1.44-py3-none-any.whl (207 kB)                                                                                               subprocess.py:195
[13:16:01] Collecting protobuf<7,>=3.20                                                                                                                            subprocess.py:195
             Using cached protobuf-6.31.1-py3-none-any.whl (168 kB)                                                                                                subprocess.py:195
           Collecting python-dateutil>=2.8.2                                                                                                                       subprocess.py:195
             Using cached python_dateutil-2.9.0.post0-py2.py3-none-any.whl (229 kB)                                                                                subprocess.py:195
[13:16:02] Collecting chaquopy-libcxx>=11000                                                                                                                       subprocess.py:195
             Using cached https://chaquo.com/pypi-13.1/chaquopy-libcxx/chaquopy_libcxx-180000-0-py3-none-android_24_arm64_v8a.whl (413 kB)                         subprocess.py:195
           Collecting tzdata>=2022.1                                                                                                                               subprocess.py:195
             Using cached tzdata-2025.2-py2.py3-none-any.whl (347 kB)                                                                                              subprocess.py:195
[13:16:03] Collecting pytz>=2020.1                                                                                                                                 subprocess.py:195
             Using cached pytz-2025.2-py2.py3-none-any.whl (509 kB)                                                                                                subprocess.py:195
           Collecting chaquopy-libpng>=1.6.34                                                                                                                      subprocess.py:195
             Using cached https://chaquo.com/pypi-13.1/chaquopy-libpng/chaquopy_libpng-1.6.34-1-py3-none-android_21_arm64_v8a.whl (175 kB)                         subprocess.py:195
[13:16:04] Collecting contourpy>=1.0.1                                                                                                                             subprocess.py:195
             Using cached https://chaquo.com/pypi-13.1/contourpy/contourpy-1.0.7-0-cp313-cp313-android_24_arm64_v8a.whl (390 kB)                                   subprocess.py:195
[13:16:05] Collecting fonttools>=4.22.0                                                                                                                            subprocess.py:195
             Using cached fonttools-4.58.4-py3-none-any.whl (1.1 MB)                                                                                               subprocess.py:195
           Collecting pyparsing>=2.3.1                                                                                                                             subprocess.py:195
             Using cached pyparsing-3.2.3-py3-none-any.whl (111 kB)                                                                                                subprocess.py:195
           Collecting cycler>=0.10                                                                                                                                 subprocess.py:195
             Using cached cycler-0.12.1-py3-none-any.whl (8.3 kB)                                                                                                  subprocess.py:195
[13:16:06] Collecting kiwisolver>=1.3.1                                                                                                                            subprocess.py:195
             Using cached https://chaquo.com/pypi-13.1/kiwisolver/kiwisolver-1.4.7-0-cp313-cp313-android_24_arm64_v8a.whl (133 kB)                                 subprocess.py:195
           Collecting chaquopy-freetype>=2.9.1                                                                                                                     subprocess.py:195
             Using cached https://chaquo.com/pypi-13.1/chaquopy-freetype/chaquopy_freetype-2.9.1-2-py3-none-android_21_arm64_v8a.whl (533 kB)                      subprocess.py:195
[13:16:07] Collecting bottle                                                                                                                                       subprocess.py:195
             Using cached bottle-0.13.4-py2.py3-none-any.whl (103 kB)                                                                                              subprocess.py:195
           Collecting proxy_tools                                                                                                                                  subprocess.py:195
             Using cached proxy_tools-0.1.0.tar.gz (3.0 kB)                                                                                                        subprocess.py:195
[13:16:08] Collecting et-xmlfile                                                                                                                                   subprocess.py:195
             Using cached et_xmlfile-2.0.0-py3-none-any.whl (18 kB)                                                                                                subprocess.py:195
           Collecting chaquopy-libjpeg>=1.5.3                                                                                                                      subprocess.py:195
             Using cached https://chaquo.com/pypi-13.1/chaquopy-libjpeg/chaquopy_libjpeg-1.5.3-1-py3-none-android_21_arm64_v8a.whl (176 kB)                        subprocess.py:195
[13:16:09] Collecting chaquopy-openblas>=0.2.20                                                                                                                    subprocess.py:195
             Using cached https://chaquo.com/pypi-13.1/chaquopy-openblas/chaquopy_openblas-0.2.20-5-py3-none-android_21_arm64_v8a.whl (4.3 MB)                     subprocess.py:195
           Collecting jinja2>=2.10.1                                                                                                                               subprocess.py:195
             Using cached jinja2-3.1.6-py3-none-any.whl (134 kB)                                                                                                   subprocess.py:195
           Collecting narwhals>=1.14.2                                                                                                                             subprocess.py:195
             Using cached narwhals-1.42.1-py3-none-any.whl (359 kB)                                                                                                subprocess.py:195
[13:16:10] Collecting jsonschema>=3.0                                                                                                                              subprocess.py:195
             Using cached jsonschema-4.24.0-py3-none-any.whl (88 kB)                                                                                               subprocess.py:195
           Collecting idna<4,>=2.5                                                                                                                                 subprocess.py:195
             Using cached idna-3.10-py3-none-any.whl (70 kB)                                                                                                       subprocess.py:195
           Collecting urllib3<3,>=1.21.1                                                                                                                           subprocess.py:195
             Using cached urllib3-2.5.0-py3-none-any.whl (129 kB)                                                                                                  subprocess.py:195
[13:16:11] Collecting charset_normalizer<4,>=2                                                                                                                     subprocess.py:195
             Using cached charset_normalizer-3.4.2-py3-none-any.whl (52 kB)                                                                                        subprocess.py:195
           Collecting certifi>=2017.4.17                                                                                                                           subprocess.py:195
             Using cached certifi-2025.6.15-py3-none-any.whl (157 kB)                                                                                              subprocess.py:195
           Collecting gitdb<5,>=4.0.1                                                                                                                              subprocess.py:195
[13:16:12]   Using cached gitdb-4.0.12-py3-none-any.whl (62 kB)                                                                                                    subprocess.py:195
           Collecting six>=1.5                                                                                                                                     subprocess.py:195
             Using cached six-1.17.0-py2.py3-none-any.whl (11 kB)                                                                                                  subprocess.py:195
           Collecting chaquopy-libgfortran>=4.9                                                                                                                    subprocess.py:195
             Downloading https://chaquo.com/pypi-13.1/chaquopy-libgfortran/chaquopy_libgfortran-4.9-0-py3-none-android_21_arm64_v8a.whl (495 kB)                   subprocess.py:195
[13:16:14] Collecting MarkupSafe>=2.0                                                                                                                              subprocess.py:195
             Downloading markupsafe-3.0.2.tar.gz (20 kB)                                                                                                           subprocess.py:195
             Installing build dependencies: started                                                                                                                subprocess.py:195
[13:16:22]   Installing build dependencies: finished with status 'done'                                                                                            subprocess.py:195
             Getting requirements to build wheel: started                                                                                                          subprocess.py:195
             Getting requirements to build wheel: finished with status 'done'                                                                                      subprocess.py:195
               Preparing wheel metadata: started                                                                                                                   subprocess.py:195
[13:16:23]     Preparing wheel metadata: finished with status 'done'                                                                                               subprocess.py:195
           Collecting jsonschema-specifications>=2023.03.6                                                                                                         subprocess.py:195
             Using cached jsonschema_specifications-2025.4.1-py3-none-any.whl (18 kB)                                                                              subprocess.py:195
[13:16:24] Collecting referencing>=0.28.4                                                                                                                          subprocess.py:195
             Using cached referencing-0.36.2-py3-none-any.whl (26 kB)                                                                                              subprocess.py:195
           Collecting attrs>=22.2.0                                                                                                                                subprocess.py:195
             Using cached attrs-25.3.0-py3-none-any.whl (63 kB)                                                                                                    subprocess.py:195
[13:16:25] Collecting rpds-py>=0.7.1                                                                                                                               subprocess.py:195
             Using cached rpds_py-0.25.1.tar.gz (27 kB)                                                                                                            subprocess.py:195
             Installing build dependencies: started                                                                                                                subprocess.py:195
[13:16:28]   Installing build dependencies: finished with status 'done'                                                                                            subprocess.py:195
             Getting requirements to build wheel: started                                                                                                          subprocess.py:195
             Getting requirements to build wheel: finished with status 'done'                                                                                      subprocess.py:195
             Installing backend dependencies: started                                                                                                              subprocess.py:195
[13:16:36]   Installing backend dependencies: finished with status 'done'                                                                                          subprocess.py:195
               Preparing wheel metadata: started                                                                                                                   subprocess.py:195
               Preparing wheel metadata: finished with status 'error'                                                                                              subprocess.py:195
               ERROR: Command errored out with exit status 1:                                                                                                      subprocess.py:195
                command: 'C:\Users\MIHIR\PycharmProjects\fitness logger\build\irontracker\android\gradle\app\build\python\env\debug\Scripts\python.exe'            subprocess.py:195
           'C:\Users\MIHIR\PycharmProjects\fitness                                                                                                                                  
           logger\build\irontracker\android\gradle\app\build\python\env\debug\Lib\site-packages\pip\_vendor\pep517\_in_process.py'                                                  
           prepare_metadata_for_build_wheel 'C:\Users\MIHIR\AppData\Local\Temp\tmpe8i3vbiy'                                                                                         
                    cwd: C:\Users\MIHIR\AppData\Local\Temp\pip-install-_43y7gbl\rpds-py                                                                            subprocess.py:195
               Complete output (23 lines):                                                                                                                         subprocess.py:195
               Python reports SOABI: cp313-win_amd64                                                                                                               subprocess.py:195
               Computed rustc target triple: x86_64-pc-windows-msvc                                                                                                subprocess.py:195
               Installation directory: C:\Users\MIHIR\AppData\Local\puccinialin\puccinialin\Cache                                                                  subprocess.py:195
               Rustup already downloaded                                                                                                                           subprocess.py:195
               Installing rust to C:\Users\MIHIR\AppData\Local\puccinialin\puccinialin\Cache\rustup                                                                subprocess.py:195
               warn: It looks like you have an existing rustup settings file at:                                                                                   subprocess.py:195
               warn: C:\Users\MIHIR\.rustup\settings.toml                                                                                                          subprocess.py:195
               warn: Rustup will install the default toolchain as specified in the settings file,                                                                  subprocess.py:195
               warn: instead of the one inferred from the default host triple.                                                                                     subprocess.py:195
               warn: installing msvc toolchain without its prerequisites                                                                                           subprocess.py:195
               info: profile set to 'minimal'                                                                                                                      subprocess.py:195
               info: default host triple is x86_64-pc-windows-msvc                                                                                                 subprocess.py:195
               warn: Updating existing toolchain, profile choice will be ignored                                                                                   subprocess.py:195
               info: syncing channel updates for 'stable-x86_64-pc-windows-msvc'                                                                                   subprocess.py:195
               info: default toolchain set to 'stable-x86_64-pc-windows-msvc'                                                                                      subprocess.py:195
               Checking if cargo is installed                                                                                                                      subprocess.py:195
                                                                                                                                                                   subprocess.py:195
               Cargo, the Rust package manager, is not installed or is not on PATH.                                                                                subprocess.py:195
               This package requires Rust and Cargo to compile extensions. Install it through                                                                      subprocess.py:195
               the system's package manager or via https://rustup.rs/                                                                                              subprocess.py:195
                                                                                                                                                                   subprocess.py:195
               Checking for Rust toolchain....                                                                                                                     subprocess.py:195
               Rust not found, installing into a temporary directory                                                                                               subprocess.py:195
               ----------------------------------------                                                                                                            subprocess.py:195
           ERROR: Failed to install rpds-py>=0.7.1 from                                                                                                            subprocess.py:195
           https://files.pythonhosted.org/packages/8c/a6/60184b7fc00dd3ca80ac635dd5b8577d444c57e8e8742cecabfacb829921/rpds_py-0.25.1.tar.gz#sha256=8960b6dac09b62d                  
           ac26e75d7e2c4a22efb835d827a7278c34f72b2b84fa160e3 (from jsonschema>=3.0->altair<6,>=4.0->streamlit->-r requirements.txt (line 2)).                                       
           For assistance, please raise an issue at https://github.com/chaquo/chaquopy/issues.                                                                     subprocess.py:195
[13:16:39] Chaquopy: Exit status 1                                                                                                                                 subprocess.py:195
                                                                                                                                                                   subprocess.py:195
           > Task :app:generateDebugPythonRequirements FAILED                                                                                                      subprocess.py:195
                                                                                                                                                                   subprocess.py:195
           FAILURE: Build failed with an exception.                                                                                                                subprocess.py:195
                                                                                                                                                                   subprocess.py:195
           * What went wrong:                                                                                                                                      subprocess.py:195
           Execution failed for task ':app:generateDebugPythonRequirements'.                                                                                       subprocess.py:195
           > Process 'command 'C:\Users\MIHIR\PycharmProjects\fitness logger\build\irontracker\android\gradle\app\build\python\env\debug\Scripts\python.exe''      subprocess.py:195
           finished with non-zero exit value 1                                                                                                                                      
                                                                                                                                                                   subprocess.py:195
             To view full details in Android Studio:                                                                                                               subprocess.py:195
             * Click the 'Build: failed' caption to the left of this message.                                                                                      subprocess.py:195
             * Then scroll up to see the full output.                                                                                                              subprocess.py:195
                                                                                                                                                                   subprocess.py:195
           * Try:                                                                                                                                                  subprocess.py:195
           > Run with --stacktrace option to get the stack trace.                                                                                                  subprocess.py:195
           > Run with --info or --debug option to get more log output.                                                                                             subprocess.py:195
           > Run with --scan to get full insights.                                                                                                                 subprocess.py:195
           > Get more help at https://help.gradle.org.                                                                                                             subprocess.py:195
                                                                                                                                                                   subprocess.py:195
           Deprecated Gradle features were used in this build, making it incompatible with Gradle 9.0.                                                             subprocess.py:195
                                                                                                                                                                   subprocess.py:195
           You can use '--warning-mode all' to show the individual deprecation warnings and determine if they come from your own scripts or plugins.               subprocess.py:195
                                                                                                                                                                   subprocess.py:195
           For more on this, please refer to https://docs.gradle.org/8.2/userguide/command_line_interface.html#sec:command_line_warnings in the Gradle             subprocess.py:195
           documentation.                                                                                                                                                           
                                                                                                                                                                   subprocess.py:195
           BUILD FAILED in 1m 45s                                                                                                                                  subprocess.py:195
           2 actionable tasks: 1 executed, 1 up-to-date                                                                                                            subprocess.py:195
[13:16:40] >>> Return code: 1                                                                                                                                      subprocess.py:838
                                                                                                                                                                   subprocess.py:838
           Building... errored                                                                                                                                         gradle.py:323
                                                                                                                                                                      __main__.py:42
           Error while building project.                                                                                                                              __main__.py:43
           Saving log... started                                                                                                                                      console.py:433

Main thread traceback:
╭─────────────────────────────────────────────────────────────────────── Traceback (most recent call last) ────────────────────────────────────────────────────────────────────────╮
│ C:\Users\MIHIR\AppData\Local\Programs\Python\Python313\Lib\site-packages\briefcase\platforms\android\gradle.py:325 in build_app                                                  │
│                                                                                                                                                                                  │
│   322 │   │   self.console.info("Building Android APK...", prefix=app.app_name)                                                                                                  │
│   323 │   │   with self.console.wait_bar("Building..."):                                                                                                                         │
│   324 │   │   │   try:                                                                                                                                                           │
│ ❱ 325 │   │   │   │   self.run_gradle(app, ["assembleDebug"])                                                                                                                    │
│   326 │   │   │   except subprocess.CalledProcessError as e:                                                                                                                     │
│   327 │   │   │   │   raise BriefcaseCommandError("Error while building project.") from e                                                                                        │
│   328                                                                                                                                                                            │
│                                                                                                                                                                                  │
│ ╭───────────────────────────────────────────── locals ─────────────────────────────────────────────╮                                                                             │
│ │       app = <com.mihir.irontracker.irontracker v1.0.0 AppConfig>                                 │                                                                             │
│ │    kwargs = {}                                                                                   │                                                                             │
│ │      self = <briefcase.platforms.android.gradle.GradleBuildCommand object at 0x0000015250BF4C20> │                                                                             │
│ │ test_mode = False                                                                                │                                                                             │
│ ╰──────────────────────────────────────────────────────────────────────────────────────────────────╯                                                                             │
│                                                                                                                                                                                  │
│ C:\Users\MIHIR\AppData\Local\Programs\Python\Python313\Lib\site-packages\briefcase\platforms\android\gradle.py:118 in run_gradle                                                 │
│                                                                                                                                                                                  │
│   115 │   │   self.tools.android_sdk.verify_emulator()                                                                                                                           │
│   116 │   │                                                                                                                                                                      │
│   117 │   │   gradlew = "gradlew.bat" if self.tools.host_os == "Windows" else "gradlew"                                                                                          │
│ ❱ 118 │   │   self.tools.subprocess.run(                                                                                                                                         │
│   119 │   │   │   # Windows needs the full path to `gradlew`; macOS & Linux can find it                                                                                          │
│   120 │   │   │   # via `./gradlew`. For simplicity of implementation, we always provide                                                                                         │
│   121 │   │   │   # the full path.                                                                                                                                               │
│                                                                                                                                                                                  │
│ ╭──────────────────────────────────────────── locals ────────────────────────────────────────────╮                                                                               │
│ │     app = <com.mihir.irontracker.irontracker v1.0.0 AppConfig>                                 │                                                                               │
│ │    args = ['assembleDebug']                                                                    │                                                                               │
│ │ gradlew = 'gradlew.bat'                                                                        │                                                                               │
│ │    self = <briefcase.platforms.android.gradle.GradleBuildCommand object at 0x0000015250BF4C20> │                                                                               │
│ ╰────────────────────────────────────────────────────────────────────────────────────────────────╯                                                                               │
│                                                                                                                                                                                  │
│ C:\Users\MIHIR\AppData\Local\Programs\Python\Python313\Lib\site-packages\briefcase\integrations\subprocess.py:142 in inner                                                       │
│                                                                                                                                                                                  │
│   139 │   │   # Run subprocess command with or without console control                                                                                                           │
│   140 │   │   if remove_dynamic_elements:                                                                                                                                        │
│   141 │   │   │   with sub.tools.console.release_console_control():                                                                                                              │
│ ❱ 142 │   │   │   │   return sub_method(sub, args, *wrapped_args, **wrapped_kwargs)                                                                                              │
│   143 │   │   else:                                                                                                                                                              │
│   144 │   │   │   return sub_method(sub, args, *wrapped_args, **wrapped_kwargs)                                                                                                  │
│   145                                                                                                                                                                            │
│                                                                                                                                                                                  │
│ ╭─────────────────────────────────────────────────────────────────────────────────── locals ───────────────────────────────────────────────────────────────────────────────────╮ │
│ │                    args = [WindowsPath('C:/Users/MIHIR/PycharmProjects/fitness logger/build/irontracker/android/gradle/gradlew.bat'), '--console', 'plain', 'assembleDebug'] │ │
│ │              executable = 'C:\\Users\\MIHIR\\PycharmProjects\\fitness logger\\build\\irontracker\\android\\gradle\\g'+10                                                     │ │
│ │ remove_dynamic_elements = True                                                                                                                                               │ │
│ │                     sub = <briefcase.integrations.subprocess.Subprocess object at 0x0000015250BF5BE0>                                                                        │ │
│ │            wrapped_args = ()                                                                                                                                                 │ │
│ │          wrapped_kwargs = {                                                                                                                                                  │ │
│ │                           │   'env': {                                                                                                                                       │ │
│ │                           │   │   'ANDROID_HOME': 'C:\\Users\\MIHIR\\AppData\\Local\\BeeWare\\briefcase\\Cache\\tools\\android_sdk',                                         │ │
│ │                           │   │   'ANDROID_SDK_ROOT': 'C:\\Users\\MIHIR\\AppData\\Local\\BeeWare\\briefcase\\Cache\\tools\\android_sdk',                                     │ │
│ │                           │   │   'JAVA_HOME': 'C:\\Users\\MIHIR\\AppData\\Local\\BeeWare\\briefcase\\Cache\\tools\\java17'                                                  │ │
│ │                           │   },                                                                                                                                             │ │
│ │                           │   'cwd': WindowsPath('C:/Users/MIHIR/PycharmProjects/fitness logger/build/irontracker/android/gradle'),                                          │ │
│ │                           │   'check': True,                                                                                                                                 │ │
│ │                           │   'encoding': 'CP1252'                                                                                                                           │ │
│ │                           }                                                                                                                                                  │ │
│ ╰──────────────────────────────────────────────────────────────────────────────────────────────────────────────────────────────────────────────────────────────────────────────╯ │
│                                                                                                                                                                                  │
│ C:\Users\MIHIR\AppData\Local\Programs\Python\Python313\Lib\site-packages\briefcase\integrations\subprocess.py:539 in run                                                         │
│                                                                                                                                                                                  │
│   536 │   │   # caller sets stream_output=False, then ensure_console_is_safe() will                                                                                              │
│   537 │   │   # disable any dynamic console elements while the command runs.                                                                                                     │
│   538 │   │   if stream_output:                                                                                                                                                  │
│ ❱ 539 │   │   │   return self._run_and_stream_output(args, filter_func=filter_func, **kwargs)                                                                                    │
│   540 │   │                                                                                                                                                                      │
│   541 │   │   # Can't filter non-streamed output.                                                                                                                                │
│   542 │   │   if filter_func:                                                                                                                                                    │
│                                                                                                                                                                                  │
│ ╭────────────────────────────────────────────────────────────────────────────── locals ──────────────────────────────────────────────────────────────────────────────╮           │
│ │          args = [WindowsPath('C:/Users/MIHIR/PycharmProjects/fitness logger/build/irontracker/android/gradle/gradlew.bat'), '--console', 'plain', 'assembleDebug'] │           │
│ │   filter_func = None                                                                                                                                               │           │
│ │        kwargs = {                                                                                                                                                  │           │
│ │                 │   'env': {                                                                                                                                       │           │
│ │                 │   │   'ANDROID_HOME': 'C:\\Users\\MIHIR\\AppData\\Local\\BeeWare\\briefcase\\Cache\\tools\\android_sdk',                                         │           │
│ │                 │   │   'ANDROID_SDK_ROOT': 'C:\\Users\\MIHIR\\AppData\\Local\\BeeWare\\briefcase\\Cache\\tools\\android_sdk',                                     │           │
│ │                 │   │   'JAVA_HOME': 'C:\\Users\\MIHIR\\AppData\\Local\\BeeWare\\briefcase\\Cache\\tools\\java17'                                                  │           │
│ │                 │   },                                                                                                                                             │           │
│ │                 │   'cwd': WindowsPath('C:/Users/MIHIR/PycharmProjects/fitness logger/build/irontracker/android/gradle'),                                          │           │
│ │                 │   'check': True,                                                                                                                                 │           │
│ │                 │   'encoding': 'CP1252'                                                                                                                           │           │
│ │                 }                                                                                                                                                  │           │
│ │          self = <briefcase.integrations.subprocess.Subprocess object at 0x0000015250BF5BE0>                                                                        │           │
│ │ stream_output = True                                                                                                                                               │           │
│ ╰────────────────────────────────────────────────────────────────────────────────────────────────────────────────────────────────────────────────────────────────────╯           │
│                                                                                                                                                                                  │
│ C:\Users\MIHIR\AppData\Local\Programs\Python\Python313\Lib\site-packages\briefcase\integrations\subprocess.py:615 in _run_and_stream_output                                      │
│                                                                                                                                                                                  │
│   612 │   │   self._log_return_code(return_code)                                                                                                                                 │
│   613 │   │                                                                                                                                                                      │
│   614 │   │   if check and return_code:                                                                                                                                          │
│ ❱ 615 │   │   │   raise subprocess.CalledProcessError(return_code, args, stderr=stderr)                                                                                          │
│   616 │   │                                                                                                                                                                      │
│   617 │   │   return subprocess.CompletedProcess(args, return_code, stderr=stderr)                                                                                               │
│   618                                                                                                                                                                            │
│                                                                                                                                                                                  │
│ ╭───────────────────────────────────────────────────────────────────────────── locals ─────────────────────────────────────────────────────────────────────────────╮             │
│ │        args = [WindowsPath('C:/Users/MIHIR/PycharmProjects/fitness logger/build/irontracker/android/gradle/gradlew.bat'), '--console', 'plain', 'assembleDebug'] │             │
│ │       check = True                                                                                                                                               │             │
│ │ filter_func = None                                                                                                                                               │             │
│ │      kwargs = {                                                                                                                                                  │             │
│ │               │   'env': {                                                                                                                                       │             │
│ │               │   │   'ANDROID_HOME': 'C:\\Users\\MIHIR\\AppData\\Local\\BeeWare\\briefcase\\Cache\\tools\\android_sdk',                                         │             │
│ │               │   │   'ANDROID_SDK_ROOT': 'C:\\Users\\MIHIR\\AppData\\Local\\BeeWare\\briefcase\\Cache\\tools\\android_sdk',                                     │             │
│ │               │   │   'JAVA_HOME': 'C:\\Users\\MIHIR\\AppData\\Local\\BeeWare\\briefcase\\Cache\\tools\\java17'                                                  │             │
│ │               │   },                                                                                                                                             │             │
│ │               │   'cwd': WindowsPath('C:/Users/MIHIR/PycharmProjects/fitness logger/build/irontracker/android/gradle'),                                          │             │
│ │               │   'encoding': 'CP1252',                                                                                                                          │             │
│ │               │   'stdout': -1,                                                                                                                                  │             │
│ │               │   'stderr': -2,                                                                                                                                  │             │
│ │               │   'bufsize': 1                                                                                                                                   │             │
│ │               }                                                                                                                                                  │             │
│ │     process = <Popen: returncode: 1 args: ['C:\\Users\\MIHIR\\PycharmProjects\\fitness log...>                                                                   │             │
│ │ return_code = 1                                                                                                                                                  │             │
│ │        self = <briefcase.integrations.subprocess.Subprocess object at 0x0000015250BF5BE0>                                                                        │             │
│ │      stderr = None                                                                                                                                               │             │
│ ╰──────────────────────────────────────────────────────────────────────────────────────────────────────────────────────────────────────────────────────────────────╯             │
╰──────────────────────────────────────────────────────────────────────────────────────────────────────────────────────────────────────────────────────────────────────────────────╯
CalledProcessError: Command '[WindowsPath('C:/Users/MIHIR/PycharmProjects/fitness logger/build/irontracker/android/gradle/gradlew.bat'), '--console', 'plain', 'assembleDebug']' returned non-zero exit status 1.

The above exception was the direct cause of the following exception:

╭─────────────────────────────────────────────────────────────────────── Traceback (most recent call last) ────────────────────────────────────────────────────────────────────────╮
│ C:\Users\MIHIR\AppData\Local\Programs\Python\Python313\Lib\site-packages\briefcase\__main__.py:27 in main                                                                        │
│                                                                                                                                                                                  │
│   24 │   │   │   Path.cwd() / "pyproject.toml",                                                                                                                                  │
│   25 │   │   │   overrides=overrides,                                                                                                                                            │
│   26 │   │   )                                                                                                                                                                   │
│ ❱ 27 │   │   command(**options)                                                                                                                                                  │
│   28 │   except HelpText as e:                                                                                                                                                   │
│   29 │   │   console.info()                                                                                                                                                      │
│   30 │   │   console.info(str(e))                                                                                                                                                │
│                                                                                                                                                                                  │
│ ╭─────────────────────────────────────────────── locals ───────────────────────────────────────────────╮                                                                         │
│ │       command = <briefcase.platforms.android.gradle.GradleBuildCommand object at 0x0000015250BF4C20> │                                                                         │
│ │       console = <briefcase.console.Console object at 0x0000015250A9ACF0>                             │                                                                         │
│ │             e = BriefcaseCommandError('Error while building project.')                               │                                                                         │
│ │ extra_cmdline = []                                                                                   │                                                                         │
│ │       options = {                                                                                    │                                                                         │
│ │                 │   'update': False,                                                                 │                                                                         │
│ │                 │   'update_requirements': False,                                                    │                                                                         │
│ │                 │   'update_support': False,                                                         │                                                                         │
│ │                 │   'update_stub': False,                                                            │                                                                         │
│ │                 │   'update_resources': False,                                                       │                                                                         │
│ │                 │   'no_update': False,                                                              │                                                                         │
│ │                 │   'test_mode': False                                                               │                                                                         │
│ │                 }                                                                                    │                                                                         │
│ │     overrides = {}                                                                                   │                                                                         │
│ │        result = 200                                                                                  │                                                                         │
│ ╰──────────────────────────────────────────────────────────────────────────────────────────────────────╯                                                                         │
│                                                                                                                                                                                  │
│ C:\Users\MIHIR\AppData\Local\Programs\Python\Python313\Lib\site-packages\briefcase\commands\build.py:151 in __call__                                                             │
│                                                                                                                                                                                  │
│   148 │   │                                                                                                                                                                      │
│   149 │   │   state = None                                                                                                                                                       │
│   150 │   │   for app_name, app_obj in sorted(apps_to_build.items()):                                                                                                            │
│ ❱ 151 │   │   │   state = self._build_app(                                                                                                                                       │
│   152 │   │   │   │   app_obj,                                                                                                                                                   │
│   153 │   │   │   │   update=update,                                                                                                                                             │
│   154 │   │   │   │   update_requirements=update_requirements,                                                                                                                   │
│                                                                                                                                                                                  │
│ ╭────────────────────────────────────────────────── locals ──────────────────────────────────────────────────╮                                                                   │
│ │                 app = None                                                                                 │                                                                   │
│ │            app_name = 'irontracker'                                                                        │                                                                   │
│ │             app_obj = <com.mihir.irontracker.irontracker v1.0.0 AppConfig>                                 │                                                                   │
│ │       apps_to_build = {'irontracker': <com.mihir.irontracker.irontracker v1.0.0 AppConfig>}                │                                                                   │
│ │           no_update = False                                                                                │                                                                   │
│ │             options = {}                                                                                   │                                                                   │
│ │                self = <briefcase.platforms.android.gradle.GradleBuildCommand object at 0x0000015250BF4C20> │                                                                   │
│ │               state = None                                                                                 │                                                                   │
│ │           test_mode = False                                                                                │                                                                   │
│ │              update = False                                                                                │                                                                   │
│ │ update_requirements = False                                                                                │                                                                   │
│ │    update_resources = False                                                                                │                                                                   │
│ │         update_stub = False                                                                                │                                                                   │
│ │      update_support = False                                                                                │                                                                   │
│ ╰────────────────────────────────────────────────────────────────────────────────────────────────────────────╯                                                                   │
│                                                                                                                                                                                  │
│ C:\Users\MIHIR\AppData\Local\Programs\Python\Python313\Lib\site-packages\briefcase\commands\build.py:87 in _build_app                                                            │
│                                                                                                                                                                                  │
│    84 │   │                                                                                                                                                                      │
│    85 │   │   self.verify_app(app)                                                                                                                                               │
│    86 │   │                                                                                                                                                                      │
│ ❱  87 │   │   state = self.build_app(app, test_mode=test_mode, **full_options(state, options))                                                                                   │
│    88 │   │                                                                                                                                                                      │
│    89 │   │   qualifier = " (test mode)" if test_mode else ""                                                                                                                    │
│    90 │   │   self.console.info(                                                                                                                                                 │
│                                                                                                                                                                                  │
│ ╭────────────────────────────────────────────────── locals ──────────────────────────────────────────────────╮                                                                   │
│ │                 app = <com.mihir.irontracker.irontracker v1.0.0 AppConfig>                                 │                                                                   │
│ │           no_update = False                                                                                │                                                                   │
│ │             options = {}                                                                                   │                                                                   │
│ │                self = <briefcase.platforms.android.gradle.GradleBuildCommand object at 0x0000015250BF4C20> │                                                                   │
│ │               state = None                                                                                 │                                                                   │
│ │           test_mode = False                                                                                │                                                                   │
│ │              update = False                                                                                │                                                                   │
│ │ update_requirements = False                                                                                │                                                                   │
│ │    update_resources = False                                                                                │                                                                   │
│ │         update_stub = False                                                                                │                                                                   │
│ │      update_support = False                                                                                │                                                                   │
│ ╰────────────────────────────────────────────────────────────────────────────────────────────────────────────╯                                                                   │
│                                                                                                                                                                                  │
│ C:\Users\MIHIR\AppData\Local\Programs\Python\Python313\Lib\site-packages\briefcase\platforms\android\gradle.py:327 in build_app                                                  │
│                                                                                                                                                                                  │
│   324 │   │   │   try:                                                                                                                                                           │
│   325 │   │   │   │   self.run_gradle(app, ["assembleDebug"])                                                                                                                    │
│   326 │   │   │   except subprocess.CalledProcessError as e:                                                                                                                     │
│ ❱ 327 │   │   │   │   raise BriefcaseCommandError("Error while building project.") from e                                                                                        │
│   328                                                                                                                                                                            │
│   329                                                                                                                                                                            │
│   330 class GradleRunCommand(GradleMixin, RunCommand):                                                                                                                           │
│                                                                                                                                                                                  │
│ ╭───────────────────────────────────────────── locals ─────────────────────────────────────────────╮                                                                             │
│ │       app = <com.mihir.irontracker.irontracker v1.0.0 AppConfig>                                 │                                                                             │
│ │    kwargs = {}                                                                                   │                                                                             │
│ │      self = <briefcase.platforms.android.gradle.GradleBuildCommand object at 0x0000015250BF4C20> │                                                                             │
│ │ test_mode = False                                                                                │                                                                             │
│ ╰──────────────────────────────────────────────────────────────────────────────────────────────────╯                                                                             │
╰──────────────────────────────────────────────────────────────────────────────────────────────────────────────────────────────────────────────────────────────────────────────────╯
BriefcaseCommandError: Error while building project.
           Collecting extra information for log... started                                                                                                            console.py:468
                                                                                                                                                                      console.py:472
           Extra information:                                                                                                                                         console.py:473
                                                                                                                                                                   subprocess.py:838
           >>> Running Command:                                                                                                                                    subprocess.py:838
           >>>     'C:\Users\MIHIR\AppData\Local\BeeWare\briefcase\Cache\tools\android_sdk\cmdline-tools\19.0\bin\sdkmanager.bat' --list_installed                 subprocess.py:838
           >>> Working Directory:                                                                                                                                  subprocess.py:838
           >>>     C:\Users\MIHIR\PycharmProjects\fitness logger                                                                                                   subprocess.py:838
           >>> Environment Overrides:                                                                                                                              subprocess.py:838
           >>>     ANDROID_HOME=C:\Users\MIHIR\AppData\Local\BeeWare\briefcase\Cache\tools\android_sdk                                                             subprocess.py:838
           >>>     ANDROID_SDK_ROOT=C:\Users\MIHIR\AppData\Local\BeeWare\briefcase\Cache\tools\android_sdk                                                         subprocess.py:838
           >>>     JAVA_HOME=C:\Users\MIHIR\AppData\Local\BeeWare\briefcase\Cache\tools\java17                                                                     subprocess.py:838
[13:16:41] >>> Command Output:                                                                                                                                     subprocess.py:838
           >>>     Loading package information...                                                                                                                  subprocess.py:838
           >>>     Loading local repository...                                                                                                                     subprocess.py:838
           >>>     [=========                              ] 25% Loading local repository...                                                                       subprocess.py:838
           >>>     [=========                              ] 25% Fetch remote repository...                                                                        subprocess.py:838
           >>>     [=======================================] 100% Fetch remote repository...                                                                       subprocess.py:838
           >>>                                                                                                                                                     subprocess.py:838
           >>>     Installed packages:                                                                                                                             subprocess.py:838
           >>>       Path                 | Version | Description                | Location                                                                        subprocess.py:838
           >>>       -------              | ------- | -------                    | -------                                                                         subprocess.py:838
           >>>       build-tools;34.0.0   | 34.0.0  | Android SDK Build-Tools 34 | build-tools\34.0.0                                                              subprocess.py:838
           >>>       emulator             | 35.5.10 | Android Emulator           | emulator                                                                        subprocess.py:838
           >>>       platform-tools       | 35.0.2  | Android SDK Platform-Tools | platform-tools                                                                  subprocess.py:838
           >>>       platforms;android-34 | 3       | Android SDK Platform 34    | platforms\android-34                                                            subprocess.py:838
           >>>                                                                                                                                                     subprocess.py:838
           >>> Return code: 0                                                                                                                                      subprocess.py:838
                                                                                                                                                                   subprocess.py:838
           Collecting extra information for log... done                                                                                                               console.py:468
